[Sun Mar 23 15:53:33 2025] Loaded texture: J:/MyIDE/NFS_Console/Assets/Textures/background.jpg
[Sun Mar 23 15:53:33 2025] Game started
[Sun Mar 23 15:53:44 2025] Game closed
[Sun Mar 23 16:05:57 2025] Loaded texture: J:/MyIDE/NFS_Console/Assets/Textures/background.jpg
[Sun Mar 23 16:05:57 2025] Game started
[Sun Mar 23 16:06:36 2025] Game closed
[Sun Mar 23 16:51:25 2025] Failed to load texture: Assets/Textures/player_car.png
[Sun Mar 23 16:51:25 2025] Failed to load car texture: Assets/Textures/player_car.png
[Sun Mar 23 16:51:25 2025] Failed to load texture: J:/MyIDE/NFS_Console/Assets/Textures/background.png
[Sun Mar 23 16:51:25 2025] Failed to load background texture, using default color
[Sun Mar 23 16:51:25 2025] Game started
[Sun Mar 23 16:51:27 2025] Game closed
[Sun Mar 23 16:51:52 2025] Failed to load texture: Assets/Textures/player_car.png
[Sun Mar 23 16:51:52 2025] Failed to load car texture: Assets/Textures/player_car.png
[Sun Mar 23 16:51:52 2025] Loaded texture: J:/MyIDE/NFS_Console/Assets/Textures/background.jpg
[Sun Mar 23 16:51:52 2025] Game started
[Sun Mar 23 16:51:59 2025] Game closed
[Sun Mar 23 17:03:40 2025] Failed to load texture: Assets/Textures/player_car.png
[Sun Mar 23 17:03:40 2025] Failed to load car texture: Assets/Textures/player_car.png
[Sun Mar 23 17:03:40 2025] Loaded texture: J:/MyIDE/NFS_Console/Assets/Textures/BackgroundMenu.jpg
[Sun Mar 23 17:03:40 2025] Game started
[Sun Mar 23 17:04:12 2025] Game closed
[Sun Mar 23 17:05:48 2025] Failed to load texture: Assets/Textures/player_car.png
[Sun Mar 23 17:05:48 2025] Failed to load car texture: Assets/Textures/player_car.png
[Sun Mar 23 17:05:48 2025] Loaded texture: J:/MyIDE/NFS_Console/Assets/Textures/BackgroundMenu.jpg
[Sun Mar 23 17:05:48 2025] Game started
[Sun Mar 23 17:05:57 2025] Game closed
[Sun Mar 23 17:06:47 2025] Failed to load texture: Assets/Textures/player_car.png
[Sun Mar 23 17:06:47 2025] Failed to load car texture: Assets/Textures/player_car.png
[Sun Mar 23 17:06:47 2025] Loaded texture: J:/MyIDE/NFS_Console/Assets/Textures/BackgroundMenu.jpg
[Sun Mar 23 17:06:47 2025] Game started
[Sun Mar 23 17:06:50 2025] Game closed
[Sun Mar 23 17:12:34 2025] Failed to load texture: Assets/Textures/player_car.png
[Sun Mar 23 17:12:34 2025] Failed to load car texture: Assets/Textures/player_car.png
[Sun Mar 23 17:12:34 2025] Loaded texture: J:/MyIDE/NFS_Console/Assets/Textures/BackgroundMenu.jpg
[Sun Mar 23 17:12:34 2025] Game started
[Sun Mar 23 17:12:40 2025] Game closed
